./pk2cmd -pPIC32MX460F512L -l16 -i
Get Firmware Version
Send 76
USB< 02 20 00 ff ff 00 00 00 00 00 00 00 00 00 00 00
     00 00 00 00 00 00 00 00 00 00 00 00 00 00 00 00
     00 00 00 00 00 00 00 00 00 00 00 00 00 00 00 00
     00 00 00 00 00 00 00 00 00 00 00 00 00 00 00 00
Execute Script 2 bytes
    fe  VDD_OFF
    fd  VDD_GND_ON
Send a6 02 fe fd ad ad ad ad ad ad ad ad ad ad ad ad
     ad ad ad ad ad ad ad ad ad ad ad ad ad ad ad ad
     ad ad ad ad ad ad ad ad ad ad ad ad ad ad ad ad
     ad ad ad ad ad ad ad ad ad ad ad ad ad ad ad ad

Set Vdd
Send a0 00 1d 8f ad ad ad ad ad ad ad ad ad ad ad ad  Vdd = 3.31
     ad ad ad ad ad ad ad ad ad ad ad ad ad ad ad ad  Vfault = 2.80
     ad ad ad ad ad ad ad ad ad ad ad ad ad ad ad ad
     ad ad ad ad ad ad ad ad ad ad ad ad ad ad ad ad

Set Vpp
Send a1 40 3d 2a ad ad ad ad ad ad ad ad ad ad ad ad  Vpp = 3.28
     ad ad ad ad ad ad ad ad ad ad ad ad ad ad ad ad  Vfault = 2.26
     ad ad ad ad ad ad ad ad ad ad ad ad ad ad ad ad
     ad ad ad ad ad ad ad ad ad ad ad ad ad ad ad ad

Script Buffer Checksum
Send af ad ad ad ad ad ad ad ad ad ad ad ad ad ad ad
     ad ad ad ad ad ad ad ad ad ad ad ad ad ad ad ad
     ad ad ad ad ad ad ad ad ad ad ad ad ad ad ad ad
     ad ad ad ad ad ad ad ad ad ad ad ad ad ad ad ad

USB< 5d 00 68 31 ff 00 00 00 00 00 00 00 00 00 00 00
     00 00 00 00 00 00 00 00 00 00 00 00 00 00 00 00
     00 00 00 00 00 00 00 00 00 00 00 00 00 00 00 00
     00 00 00 00 00 00 00 00 00 00 00 00 00 00 00 00
Clear Script Buffer
Send ab ad ad ad ad ad ad ad ad ad ad ad ad ad ad ad
     ad ad ad ad ad ad ad ad ad ad ad ad ad ad ad ad
     ad ad ad ad ad ad ad ad ad ad ad ad ad ad ad ad
     ad ad ad ad ad ad ad ad ad ad ad ad ad ad ad ad

Download Script SCR_PROG_ENTRY, 39 bytes
Send a4 00 27 fa f7 f9 f5 f3 00 e8 14 f6 fb e7 17 fa
     f7 e7 2f f2 b2 f2 c2 f2 12 f2 0a f6 fb e7 eb f3
     02 bc 06 1f bb 04 bb 07 ba 00 ad ad ad ad ad ad
     ad ad ad ad ad ad ad ad ad ad ad ad ad ad ad ad

Download Script SCR_PROG_EXIT, 15 bytes
Send a4 01 0f bc 05 1f fa f7 f8 f3 06 f3 02 f3 03 e8
     0a f4 ad ad ad ad ad ad ad ad ad ad ad ad ad ad
     ad ad ad ad ad ad ad ad ad ad ad ad ad ad ad ad
     ad ad ad ad ad ad ad ad ad ad ad ad ad ad ad ad

Download Script SCR_RD_DEVID, 9 bytes
Send a4 02 09 bb 04 bb 01 b9 00 00 00 00 ad ad ad ad
     ad ad ad ad ad ad ad ad ad ad ad ad ad ad ad ad
     ad ad ad ad ad ad ad ad ad ad ad ad ad ad ad ad
     ad ad ad ad ad ad ad ad ad ad ad ad ad ad ad ad

Download Script SCR_PROGMEM_RD, 13 bytes
Send a4 03 0d bb 0e b8 20 00 01 00 b7 b4 b5 e9 01 1f
     ad ad ad ad ad ad ad ad ad ad ad ad ad ad ad ad
     ad ad ad ad ad ad ad ad ad ad ad ad ad ad ad ad
     ad ad ad ad ad ad ad ad ad ad ad ad ad ad ad ad

Download Script SCR_PROGMEM_WR_PREP, 6 bytes
Send a4 06 06 bb 0e b7 e9 01 3f ad ad ad ad ad ad ad
     ad ad ad ad ad ad ad ad ad ad ad ad ad ad ad ad
     ad ad ad ad ad ad ad ad ad ad ad ad ad ad ad ad
     ad ad ad ad ad ad ad ad ad ad ad ad ad ad ad ad

Download Script SCR_PROGMEM_WR, 5 bytes
Send a4 07 05 b7 e9 01 3f b3 ad ad ad ad ad ad ad ad
     ad ad ad ad ad ad ad ad ad ad ad ad ad ad ad ad
     ad ad ad ad ad ad ad ad ad ad ad ad ad ad ad ad
     ad ad ad ad ad ad ad ad ad ad ad ad ad ad ad ad

Download Script SCR_ERASE_CHIP, 6 bytes
Send a4 16 06 bb 07 ba fc e8 4a ad ad ad ad ad ad ad
     ad ad ad ad ad ad ad ad ad ad ad ad ad ad ad ad
     ad ad ad ad ad ad ad ad ad ad ad ad ad ad ad ad
     ad ad ad ad ad ad ad ad ad ad ad ad ad ad ad ad

Script Buffer Checksum
Send af ad ad ad ad ad ad ad ad ad ad ad ad ad ad ad
     ad ad ad ad ad ad ad ad ad ad ad ad ad ad ad ad
     ad ad ad ad ad ad ad ad ad ad ad ad ad ad ad ad
     ad ad ad ad ad ad ad ad ad ad ad ad ad ad ad ad

USB< 5d 00 68 31 ff 00 00 00 00 00 00 00 00 00 00 00
     00 00 00 00 00 00 00 00 00 00 00 00 00 00 00 00
     00 00 00 00 00 00 00 00 00 00 00 00 00 00 00 00
     00 00 00 00 00 00 00 00 00 00 00 00 00 00 00 00
SetProgrammingSpeed (16)
Execute Script 2 bytes
    ea 10  SET_ICSP_SPEED
Send a6 02 ea 10 ad ad ad ad ad ad ad ad ad ad ad ad
     ad ad ad ad ad ad ad ad ad ad ad ad ad ad ad ad
     ad ad ad ad ad ad ad ad ad ad ad ad ad ad ad ad
     ad ad ad ad ad ad ad ad ad ad ad ad ad ad ad ad


Execute Script 1 bytes
    f7  MCLR_GND_ON
Send a6 01 f7 ad ad ad ad ad ad ad ad ad ad ad ad ad
     ad ad ad ad ad ad ad ad ad ad ad ad ad ad ad ad
     ad ad ad ad ad ad ad ad ad ad ad ad ad ad ad ad
     ad ad ad ad ad ad ad ad ad ad ad ad ad ad ad ad

Execute Script 2 bytes
    fc  VDD_GND_OFF
    ff  VDD_ON
Send a6 02 fc ff ad ad ad ad ad ad ad ad ad ad ad ad
     ad ad ad ad ad ad ad ad ad ad ad ad ad ad ad ad
     ad ad ad ad ad ad ad ad ad ad ad ad ad ad ad ad
     ad ad ad ad ad ad ad ad ad ad ad ad ad ad ad ad

Clear Upload Buffer
Run Script SCR_PROG_ENTRY 1 time
Send a9 a5 00 01 ad ad ad ad ad ad ad ad ad ad ad ad
     ad ad ad ad ad ad ad ad ad ad ad ad ad ad ad ad
     ad ad ad ad ad ad ad ad ad ad ad ad ad ad ad ad
     ad ad ad ad ad ad ad ad ad ad ad ad ad ad ad ad

Clear Upload Buffer
Run Script SCR_RD_DEVID 1 time
Send a9 a5 02 01 ad ad ad ad ad ad ad ad ad ad ad ad
     ad ad ad ad ad ad ad ad ad ad ad ad ad ad ad ad
     ad ad ad ad ad ad ad ad ad ad ad ad ad ad ad ad
     ad ad ad ad ad ad ad ad ad ad ad ad ad ad ad ad

Upload Data
Send aa ad ad ad ad ad ad ad ad ad ad ad ad ad ad ad
     ad ad ad ad ad ad ad ad ad ad ad ad ad ad ad ad
     ad ad ad ad ad ad ad ad ad ad ad ad ad ad ad ad
     ad ad ad ad ad ad ad ad ad ad ad ad ad ad ad ad

USB< 04 ff ff ff ff 00 00 00 00 00 00 00 00 00 00 00
     00 00 00 00 00 00 00 00 00 00 00 00 00 00 00 00
     00 00 00 00 00 00 00 00 00 00 00 00 00 00 00 00
     00 00 00 00 00 00 00 00 00 00 00 00 00 00 00 00
Clear Upload Buffer
Run Script SCR_PROG_EXIT 1 time
Send a9 a5 01 01 ad ad ad ad ad ad ad ad ad ad ad ad
     ad ad ad ad ad ad ad ad ad ad ad ad ad ad ad ad
     ad ad ad ad ad ad ad ad ad ad ad ad ad ad ad ad
     ad ad ad ad ad ad ad ad ad ad ad ad ad ad ad ad

Execute Script 2 bytes
    fe  VDD_OFF
    fd  VDD_GND_ON
Send a6 02 fe fd ad ad ad ad ad ad ad ad ad ad ad ad
     ad ad ad ad ad ad ad ad ad ad ad ad ad ad ad ad
     ad ad ad ad ad ad ad ad ad ad ad ad ad ad ad ad
     ad ad ad ad ad ad ad ad ad ad ad ad ad ad ad ad

Execute Script 1 bytes
    f6  MCLR_GND_OFF
Send a6 01 f6 ad ad ad ad ad ad ad ad ad ad ad ad ad
     ad ad ad ad ad ad ad ad ad ad ad ad ad ad ad ad
     ad ad ad ad ad ad ad ad ad ad ad ad ad ad ad ad
     ad ad ad ad ad ad ad ad ad ad ad ad ad ad ad ad

Device ID = F000
Revision  = 0FFF
Device Name = <unknown device>
Execute Script 1 bytes
    f7  MCLR_GND_ON
Send a6 01 f7 ad ad ad ad ad ad ad ad ad ad ad ad ad
     ad ad ad ad ad ad ad ad ad ad ad ad ad ad ad ad
     ad ad ad ad ad ad ad ad ad ad ad ad ad ad ad ad
     ad ad ad ad ad ad ad ad ad ad ad ad ad ad ad ad

Execute Script 2 bytes
    fe  VDD_OFF
    fd  VDD_GND_ON
Send a6 02 fe fd ad ad ad ad ad ad ad ad ad ad ad ad
     ad ad ad ad ad ad ad ad ad ad ad ad ad ad ad ad
     ad ad ad ad ad ad ad ad ad ad ad ad ad ad ad ad
     ad ad ad ad ad ad ad ad ad ad ad ad ad ad ad ad
















Read Status
Send a2 ad ad ad ad ad ad ad ad ad ad ad ad ad ad ad
     ad ad ad ad ad ad ad ad ad ad ad ad ad ad ad ad
     ad ad ad ad ad ad ad ad ad ad ad ad ad ad ad ad
     ad ad ad ad ad ad ad ad ad ad ad ad ad ad ad ad

USB< 05 00 ff ff ff 00 00 00 00 00 00 00 00 00 00 00
     00 00 00 00 00 00 00 00 00 00 00 00 00 00 00 00
     00 00 00 00 00 00 00 00 00 00 00 00 00 00 00 00
     00 00 00 00 00 00 00 00 00 00 00 00 00 00 00 00

Operation Succeeded
